<?xml version="1.0" encoding="UTF-8"?>
<testsuite xmlns:xsi="http://www.w3.org/2001/XMLSchema-instance" xsi:noNamespaceSchemaLocation="https://maven.apache.org/surefire/maven-surefire-plugin/xsd/surefire-test-report.xsd" name="runner.ActualizacionRunner" time="47.473" tests="7" errors="0" skipped="0" failures="0">
  <properties>
[...]
</properties>
  <testcase name="Given Main configuration" classname="Scenario: Update data" time="0.002"/>
  <testcase name="When user navigates to Login Page" classname="Scenario: Update data" time="0"/>
  <testcase name="When user update data" classname="Scenario: Update data" time="0"/>
  <testcase name="When user logout" classname="Scenario: Update data" time="0"/>
  <testcase name="And user close window" classname="Scenario: Update data" time="0.004"/>
  <testcase name="Then user validate on API" classname="Scenario: Update data" time="0"/>
  <testcase name="Scenario: Update data" classname="Scenario: Update data" time="0.001"/>
</testsuite>